<?xml version="1.0" encoding="UTF-8"?>
<testsuite xmlns:xsi="http://www.w3.org/2001/XMLSchema-instance" xsi:noNamespaceSchemaLocation="https://maven.apache.org/surefire/maven-surefire-plugin/xsd/surefire-test-report-3.0.xsd" version="3.0" name="com.mycompany.sistemafinanceiro.BO.UsuarioBOTest" time="1.574" tests="22" errors="0" skipped="0" failures="0">
  <properties>
[...]
</properties>
  <testcase name="testCadastrarUsuarioValido" classname="com.mycompany.sistemafinanceiro.BO.UsuarioBOTest" time="0.654"/>
  <testcase name="testCadastrarUsuarioEmailDuplicado" classname="com.mycompany.sistemafinanceiro.BO.UsuarioBOTest" time="0.082"/>
  <testcase name="testCadastrarUsuarioCpfNull" classname="com.mycompany.sistemafinanceiro.BO.UsuarioBOTest" time="0.035"/>
  <testcase name="testCadastrarUsuarioNomeVazio" classname="com.mycompany.sistemafinanceiro.BO.UsuarioBOTest" time="0.032"/>
  <testcase name="testCadastrarUsuarioEmailNull" classname="com.mycompany.sistemafinanceiro.BO.UsuarioBOTest" time="0.036"/>
  <testcase name="testCadastrarUsuarioSenhaVazia" classname="com.mycompany.sistemafinanceiro.BO.UsuarioBOTest" time="0.035"/>
  <testcase name="testCadastrarUsuarioCpfCurto" classname="com.mycompany.sistemafinanceiro.BO.UsuarioBOTest" time="0.031"/>
  <testcase name="testAtualizarUsuarioComSucesso" classname="com.mycompany.sistemafinanceiro.BO.UsuarioBOTest" time="0.087"/>
  <testcase name="testAtualizarUsuarioCpfInexistente" classname="com.mycompany.sistemafinanceiro.BO.UsuarioBOTest" time="0.03"/>
  <testcase name="testAtualizarUsuarioCamposInvalidos" classname="com.mycompany.sistemafinanceiro.BO.UsuarioBOTest" time="0.022"/>
  <testcase name="testDeletarUsuarioComSucesso" classname="com.mycompany.sistemafinanceiro.BO.UsuarioBOTest" time="0.078"/>
  <testcase name="testDeletarUsuarioInexistente" classname="com.mycompany.sistemafinanceiro.BO.UsuarioBOTest" time="0.031"/>
  <testcase name="testDeletarUsuarioCamposInvalidos" classname="com.mycompany.sistemafinanceiro.BO.UsuarioBOTest" time="0.021"/>
  <testcase name="testLoginComSucesso" classname="com.mycompany.sistemafinanceiro.BO.UsuarioBOTest" time="0.051"/>
  <testcase name="testLoginSenhaIncorreta" classname="com.mycompany.sistemafinanceiro.BO.UsuarioBOTest" time="0.05"/>
  <testcase name="testLoginEmailInexistente" classname="com.mycompany.sistemafinanceiro.BO.UsuarioBOTest" time="0.025"/>
  <testcase name="testLoginEmailNull" classname="com.mycompany.sistemafinanceiro.BO.UsuarioBOTest" time="0.022"/>
  <testcase name="testLoginSenhaNull" classname="com.mycompany.sistemafinanceiro.BO.UsuarioBOTest" time="0.016"/>
  <testcase name="testLoginAmbosNull" classname="com.mycompany.sistemafinanceiro.BO.UsuarioBOTest" time="0.02"/>
  <testcase name="testBuscarPorEmailDelegaAoDao" classname="com.mycompany.sistemafinanceiro.BO.UsuarioBOTest" time="0.068"/>
  <testcase name="testBuscarPorCpfDelegaAoDao" classname="com.mycompany.sistemafinanceiro.BO.UsuarioBOTest" time="0.046"/>
  <testcase name="testBuscarPorIdDelegaAoDao" classname="com.mycompany.sistemafinanceiro.BO.UsuarioBOTest" time="0.062"/>
</testsuite>